<?xml version="1.0" encoding="UTF-8"?>
<testsuite xmlns:xsi="http://www.w3.org/2001/XMLSchema-instance" xsi:noNamespaceSchemaLocation="https://maven.apache.org/surefire/maven-surefire-plugin/xsd/surefire-test-report.xsd" name="com.ejemplo.service.MessageControllerTest" time="4.924" tests="3" errors="0" skipped="0" failures="0">
  <properties>
[...]
</properties>
  <testcase name="testIndex" classname="com.ejemplo.service.MessageControllerTest" time="0.093"/>
  <testcase name="testSendMessage" classname="com.ejemplo.service.MessageControllerTest" time="0.02"/>
  <testcase name="testSendScheduledMessage" classname="com.ejemplo.service.MessageControllerTest" time="0.007"/>
</testsuite>